This file contains any messages produced by compilers while
running configure, to aid debugging if configure makes a mistake.

It was created by tcptraceroute configure MK_V1, which was
generated by GNU Autoconf 2.69.  Invocation command line was

  $ ./configure 

## --------- ##
## Platform. ##
## --------- ##

hostname = mahdi-ThinkPad-T520
uname -m = x86_64
uname -r = 5.0.0-32-generic
uname -s = Linux
uname -v = #34~18.04.2-Ubuntu SMP Thu Oct 10 10:36:02 UTC 2019

/usr/bin/uname -p = unknown
/bin/uname -X     = unknown

/bin/arch              = unknown
/usr/bin/arch -k       = unknown
/usr/convex/getsysinfo = unknown
/usr/bin/hostinfo      = unknown
/bin/machine           = unknown
/usr/bin/oslevel       = unknown
/bin/universe          = unknown

PATH: /home/mahdi/miniconda3/bin
PATH: /home/mahdi/miniconda3/condabin
PATH: /usr/local/sbin
PATH: /usr/local/bin
PATH: /usr/sbin
PATH: /usr/bin
PATH: /sbin
PATH: /bin
PATH: /usr/games
PATH: /usr/local/games
PATH: /snap/bin


## ----------- ##
## Core tests. ##
## ----------- ##

configure:2277: checking build system type
configure:2291: result: x86_64-pc-linux-gnu
configure:2311: checking host system type
configure:2324: result: x86_64-pc-linux-gnu
configure:2344: checking target system type
configure:2357: result: x86_64-pc-linux-gnu
configure:2400: checking for a BSD-compatible install
configure:2468: result: /usr/bin/install -c
configure:2479: checking whether build environment is sane
configure:2534: result: yes
configure:2685: checking for a thread-safe mkdir -p
configure:2724: result: /bin/mkdir -p
configure:2731: checking for gawk
configure:2761: result: no
configure:2731: checking for mawk
configure:2747: found /usr/bin/mawk
configure:2758: result: mawk
configure:2769: checking whether make sets $(MAKE)
configure:2791: result: yes
configure:2820: checking whether make supports nested variables
configure:2837: result: yes
configure:3016: checking for gcc
configure:3032: found /usr/bin/gcc
configure:3043: result: gcc
configure:3272: checking for C compiler version
configure:3281: gcc --version >&5
gcc (Ubuntu 7.4.0-1ubuntu1~18.04.1) 7.4.0
Copyright (C) 2017 Free Software Foundation, Inc.
This is free software; see the source for copying conditions.  There is NO
warranty; not even for MERCHANTABILITY or FITNESS FOR A PARTICULAR PURPOSE.

configure:3292: $? = 0
configure:3281: gcc -v >&5
Using built-in specs.
COLLECT_GCC=gcc
COLLECT_LTO_WRAPPER=/usr/lib/gcc/x86_64-linux-gnu/7/lto-wrapper
OFFLOAD_TARGET_NAMES=nvptx-none
OFFLOAD_TARGET_DEFAULT=1
Target: x86_64-linux-gnu
Configured with: ../src/configure -v --with-pkgversion='Ubuntu 7.4.0-1ubuntu1~18.04.1' --with-bugurl=file:///usr/share/doc/gcc-7/README.Bugs --enable-languages=c,ada,c++,go,brig,d,fortran,objc,obj-c++ --prefix=/usr --with-gcc-major-version-only --program-suffix=-7 --program-prefix=x86_64-linux-gnu- --enable-shared --enable-linker-build-id --libexecdir=/usr/lib --without-included-gettext --enable-threads=posix --libdir=/usr/lib --enable-nls --with-sysroot=/ --enable-clocale=gnu --enable-libstdcxx-debug --enable-libstdcxx-time=yes --with-default-libstdcxx-abi=new --enable-gnu-unique-object --disable-vtable-verify --enable-libmpx --enable-plugin --enable-default-pie --with-system-zlib --with-target-system-zlib --enable-objc-gc=auto --enable-multiarch --disable-werror --with-arch-32=i686 --with-abi=m64 --with-multilib-list=m32,m64,mx32 --enable-multilib --with-tune=generic --enable-offload-targets=nvptx-none --without-cuda-driver --enable-checking=release --build=x86_64-linux-gnu --host=x86_64-linux-gnu --target=x86_64-linux-gnu
Thread model: posix
gcc version 7.4.0 (Ubuntu 7.4.0-1ubuntu1~18.04.1) 
configure:3292: $? = 0
configure:3281: gcc -V >&5
gcc: error: unrecognized command line option '-V'
gcc: fatal error: no input files
compilation terminated.
configure:3292: $? = 1
configure:3281: gcc -qversion >&5
gcc: error: unrecognized command line option '-qversion'; did you mean '--version'?
gcc: fatal error: no input files
compilation terminated.
configure:3292: $? = 1
configure:3312: checking whether the C compiler works
configure:3334: gcc    conftest.c  >&5
configure:3338: $? = 0
configure:3386: result: yes
configure:3389: checking for C compiler default output file name
configure:3391: result: a.out
configure:3397: checking for suffix of executables
configure:3404: gcc -o conftest    conftest.c  >&5
configure:3408: $? = 0
configure:3430: result: 
configure:3452: checking whether we are cross compiling
configure:3460: gcc -o conftest    conftest.c  >&5
configure:3464: $? = 0
configure:3471: ./conftest
configure:3475: $? = 0
configure:3490: result: no
configure:3495: checking for suffix of object files
configure:3517: gcc -c   conftest.c >&5
configure:3521: $? = 0
configure:3542: result: o
configure:3546: checking whether we are using the GNU C compiler
configure:3565: gcc -c   conftest.c >&5
configure:3565: $? = 0
configure:3574: result: yes
configure:3583: checking whether gcc accepts -g
configure:3603: gcc -c -g  conftest.c >&5
configure:3603: $? = 0
configure:3644: result: yes
configure:3661: checking for gcc option to accept ISO C89
configure:3724: gcc  -c -g -O2  conftest.c >&5
configure:3724: $? = 0
configure:3737: result: none needed
configure:3762: checking whether gcc understands -c and -o together
configure:3784: gcc -c conftest.c -o conftest2.o
configure:3787: $? = 0
configure:3784: gcc -c conftest.c -o conftest2.o
configure:3787: $? = 0
configure:3799: result: yes
configure:3827: checking for style of include used by make
configure:3855: result: GNU
configure:3881: checking dependency style of gcc
configure:3992: result: gcc3
configure:4013: checking how to run the C preprocessor
configure:4044: gcc -E  conftest.c
configure:4044: $? = 0
configure:4058: gcc -E  conftest.c
conftest.c:11:10: fatal error: ac_nonexistent.h: No such file or directory
 #include <ac_nonexistent.h>
          ^~~~~~~~~~~~~~~~~~
compilation terminated.
configure:4058: $? = 1
configure: failed program was:
| /* confdefs.h */
| #define PACKAGE_NAME "tcptraceroute"
| #define PACKAGE_TARNAME "tcptraceroute"
| #define PACKAGE_VERSION "`cat VERSION`"
| #define PACKAGE_STRING "tcptraceroute `cat VERSION`"
| #define PACKAGE_BUGREPORT ""
| #define PACKAGE_URL ""
| #define PACKAGE "tcptraceroute"
| #define VERSION "`cat VERSION`"
| /* end confdefs.h.  */
| #include <ac_nonexistent.h>
configure:4083: result: gcc -E
configure:4103: gcc -E  conftest.c
configure:4103: $? = 0
configure:4117: gcc -E  conftest.c
conftest.c:11:10: fatal error: ac_nonexistent.h: No such file or directory
 #include <ac_nonexistent.h>
          ^~~~~~~~~~~~~~~~~~
compilation terminated.
configure:4117: $? = 1
configure: failed program was:
| /* confdefs.h */
| #define PACKAGE_NAME "tcptraceroute"
| #define PACKAGE_TARNAME "tcptraceroute"
| #define PACKAGE_VERSION "`cat VERSION`"
| #define PACKAGE_STRING "tcptraceroute `cat VERSION`"
| #define PACKAGE_BUGREPORT ""
| #define PACKAGE_URL ""
| #define PACKAGE "tcptraceroute"
| #define VERSION "`cat VERSION`"
| /* end confdefs.h.  */
| #include <ac_nonexistent.h>
configure:4146: checking for grep that handles long lines and -e
configure:4204: result: /bin/grep
configure:4209: checking for egrep
configure:4271: result: /bin/grep -E
configure:4277: checking whether gcc needs -traditional
configure:4311: result: no
configure:4324: checking for gethostbyname
configure:4324: gcc -o conftest -g -O2 -Wall   conftest.c  >&5
configure:4324: $? = 0
configure:4324: result: yes
configure:4375: checking for socket
configure:4375: gcc -o conftest -g -O2 -Wall   conftest.c  >&5
configure:4375: $? = 0
configure:4375: result: yes
configure:4426: checking for connect
configure:4426: gcc -o conftest -g -O2 -Wall   conftest.c  >&5
configure:4426: $? = 0
configure:4426: result: yes
configure:4477: checking for inet_aton
configure:4477: gcc -o conftest -g -O2 -Wall   conftest.c  >&5
configure:4477: $? = 0
configure:4477: result: yes
configure:4597: checking for pcap_open_live in -lpcap
configure:4622: gcc -o conftest -g -O2 -Wall   conftest.c -lpcap   >&5
configure:4622: $? = 0
configure:4631: result: yes
configure:4654: checking for main in -lnet
configure:4673: gcc -o conftest -g -O2 -Wall   conftest.c -lnet  -lpcap  >&5
configure:4673: $? = 0
configure:4682: result: yes
configure:4695: checking for libnet_init_packet in -lnet
configure:4720: gcc -o conftest -g -O2 -Wall   conftest.c -lnet  -lnet -lpcap  >&5
/tmp/ccIq0EqE.o: In function `main':
/home/mahdi/Desktop/KashaniPourMahdi-tcp_traceroute/tcptraceroute/conftest.c:24: undefined reference to `libnet_init_packet'
collect2: error: ld returned 1 exit status
configure:4720: $? = 1
configure: failed program was:
| /* confdefs.h */
| #define PACKAGE_NAME "tcptraceroute"
| #define PACKAGE_TARNAME "tcptraceroute"
| #define PACKAGE_VERSION "`cat VERSION`"
| #define PACKAGE_STRING "tcptraceroute `cat VERSION`"
| #define PACKAGE_BUGREPORT ""
| #define PACKAGE_URL ""
| #define PACKAGE "tcptraceroute"
| #define VERSION "`cat VERSION`"
| #define HAVE_LIBPCAP 1
| #define HAVE_LIBNET 1
| /* end confdefs.h.  */
| 
| /* Override any GCC internal prototype to avoid an error.
|    Use char because int might match the return type of a GCC
|    builtin and then its argument prototype would still apply.  */
| #ifdef __cplusplus
| extern "C"
| #endif
| char libnet_init_packet ();
| int
| main ()
| {
| return libnet_init_packet ();
|   ;
|   return 0;
| }
configure:4729: result: no
configure:4743: checking for libnet_init in -lnet
configure:4768: gcc -o conftest -g -O2 -Wall   conftest.c -lnet  -lnet -lpcap  >&5
configure:4768: $? = 0
configure:4777: result: yes
configure:4784: libnet version: >= 1.1.0
configure:4798: checking for ANSI C header files
configure:4818: gcc -c -g -O2 -Wall  conftest.c >&5
configure:4818: $? = 0
configure:4891: gcc -o conftest -g -O2 -Wall   conftest.c -lnet -lpcap  >&5
configure:4891: $? = 0
configure:4891: ./conftest
configure:4891: $? = 0
configure:4902: result: yes
configure:4915: checking for sys/types.h
configure:4915: gcc -c -g -O2 -Wall  conftest.c >&5
configure:4915: $? = 0
configure:4915: result: yes
configure:4915: checking for sys/stat.h
configure:4915: gcc -c -g -O2 -Wall  conftest.c >&5
configure:4915: $? = 0
configure:4915: result: yes
configure:4915: checking for stdlib.h
configure:4915: gcc -c -g -O2 -Wall  conftest.c >&5
configure:4915: $? = 0
configure:4915: result: yes
configure:4915: checking for string.h
configure:4915: gcc -c -g -O2 -Wall  conftest.c >&5
configure:4915: $? = 0
configure:4915: result: yes
configure:4915: checking for memory.h
configure:4915: gcc -c -g -O2 -Wall  conftest.c >&5
configure:4915: $? = 0
configure:4915: result: yes
configure:4915: checking for strings.h
configure:4915: gcc -c -g -O2 -Wall  conftest.c >&5
configure:4915: $? = 0
configure:4915: result: yes
configure:4915: checking for inttypes.h
configure:4915: gcc -c -g -O2 -Wall  conftest.c >&5
configure:4915: $? = 0
configure:4915: result: yes
configure:4915: checking for stdint.h
configure:4915: gcc -c -g -O2 -Wall  conftest.c >&5
configure:4915: $? = 0
configure:4915: result: yes
configure:4915: checking for unistd.h
configure:4915: gcc -c -g -O2 -Wall  conftest.c >&5
configure:4915: $? = 0
configure:4915: result: yes
configure:4930: checking arpa/inet.h usability
configure:4930: gcc -c -g -O2 -Wall  conftest.c >&5
configure:4930: $? = 0
configure:4930: result: yes
configure:4930: checking arpa/inet.h presence
configure:4930: gcc -E  conftest.c
configure:4930: $? = 0
configure:4930: result: yes
configure:4930: checking for arpa/inet.h
configure:4930: result: yes
configure:4930: checking fcntl.h usability
configure:4930: gcc -c -g -O2 -Wall  conftest.c >&5
configure:4930: $? = 0
configure:4930: result: yes
configure:4930: checking fcntl.h presence
configure:4930: gcc -E  conftest.c
configure:4930: $? = 0
configure:4930: result: yes
configure:4930: checking for fcntl.h
configure:4930: result: yes
configure:4930: checking netdb.h usability
configure:4930: gcc -c -g -O2 -Wall  conftest.c >&5
configure:4930: $? = 0
configure:4930: result: yes
configure:4930: checking netdb.h presence
configure:4930: gcc -E  conftest.c
configure:4930: $? = 0
configure:4930: result: yes
configure:4930: checking for netdb.h
configure:4930: result: yes
configure:4930: checking netinet/in.h usability
configure:4930: gcc -c -g -O2 -Wall  conftest.c >&5
configure:4930: $? = 0
configure:4930: result: yes
configure:4930: checking netinet/in.h presence
configure:4930: gcc -E  conftest.c
configure:4930: $? = 0
configure:4930: result: yes
configure:4930: checking for netinet/in.h
configure:4930: result: yes
configure:4930: checking for stdlib.h
configure:4930: result: yes
configure:4930: checking for string.h
configure:4930: result: yes
configure:4930: checking sys/ioctl.h usability
configure:4930: gcc -c -g -O2 -Wall  conftest.c >&5
configure:4930: $? = 0
configure:4930: result: yes
configure:4930: checking sys/ioctl.h presence
configure:4930: gcc -E  conftest.c
configure:4930: $? = 0
configure:4930: result: yes
configure:4930: checking for sys/ioctl.h
configure:4930: result: yes
configure:4930: checking sys/socket.h usability
configure:4930: gcc -c -g -O2 -Wall  conftest.c >&5
configure:4930: $? = 0
configure:4930: result: yes
configure:4930: checking sys/socket.h presence
configure:4930: gcc -E  conftest.c
configure:4930: $? = 0
configure:4930: result: yes
configure:4930: checking for sys/socket.h
configure:4930: result: yes
configure:4930: checking for unistd.h
configure:4930: result: yes
configure:4942: checking whether time.h and sys/time.h may both be included
configure:4962: gcc -c -g -O2 -Wall  conftest.c >&5
configure:4962: $? = 0
configure:4969: result: yes
configure:4980: checking for sockaddr.sa_len
configure:4996: gcc -c -g -O2 -Wall  conftest.c >&5
conftest.c: In function 'main':
conftest.c:41:48: error: 'struct sockaddr' has no member named 'sa_len'
  unsigned int i = sizeof(((struct sockaddr *)0)->sa_len)
                                                ^~
conftest.c:41:15: warning: unused variable 'i' [-Wunused-variable]
  unsigned int i = sizeof(((struct sockaddr *)0)->sa_len)
               ^
configure:4996: $? = 1
configure: failed program was:
| /* confdefs.h */
| #define PACKAGE_NAME "tcptraceroute"
| #define PACKAGE_TARNAME "tcptraceroute"
| #define PACKAGE_VERSION "`cat VERSION`"
| #define PACKAGE_STRING "tcptraceroute `cat VERSION`"
| #define PACKAGE_BUGREPORT ""
| #define PACKAGE_URL ""
| #define PACKAGE "tcptraceroute"
| #define VERSION "`cat VERSION`"
| #define HAVE_LIBPCAP 1
| #define HAVE_LIBNET 1
| #define LIBNET_API_VERSION 110
| #define STDC_HEADERS 1
| #define HAVE_SYS_TYPES_H 1
| #define HAVE_SYS_STAT_H 1
| #define HAVE_STDLIB_H 1
| #define HAVE_STRING_H 1
| #define HAVE_MEMORY_H 1
| #define HAVE_STRINGS_H 1
| #define HAVE_INTTYPES_H 1
| #define HAVE_STDINT_H 1
| #define HAVE_UNISTD_H 1
| #define HAVE_ARPA_INET_H 1
| #define HAVE_FCNTL_H 1
| #define HAVE_NETDB_H 1
| #define HAVE_NETINET_IN_H 1
| #define HAVE_STDLIB_H 1
| #define HAVE_STRING_H 1
| #define HAVE_SYS_IOCTL_H 1
| #define HAVE_SYS_SOCKET_H 1
| #define HAVE_UNISTD_H 1
| #define TIME_WITH_SYS_TIME 1
| /* end confdefs.h.  */
| 
| #include <sys/types.h>
| #include <sys/socket.h>
| 
| int
| main ()
| {
|  unsigned int i = sizeof(((struct sockaddr *)0)->sa_len)
|   ;
|   return 0;
| }
configure:5006: result: no
configure:5012: checking for struct sockaddr.sa_len
configure:5012: gcc -c -g -O2 -Wall  conftest.c >&5
conftest.c: In function 'main':
conftest.c:41:12: error: 'struct sockaddr' has no member named 'sa_len'
 if (ac_aggr.sa_len)
            ^
conftest.c:40:24: warning: variable 'ac_aggr' set but not used [-Wunused-but-set-variable]
 static struct sockaddr ac_aggr;
                        ^~~~~~~
configure:5012: $? = 1
configure: failed program was:
| /* confdefs.h */
| #define PACKAGE_NAME "tcptraceroute"
| #define PACKAGE_TARNAME "tcptraceroute"
| #define PACKAGE_VERSION "`cat VERSION`"
| #define PACKAGE_STRING "tcptraceroute `cat VERSION`"
| #define PACKAGE_BUGREPORT ""
| #define PACKAGE_URL ""
| #define PACKAGE "tcptraceroute"
| #define VERSION "`cat VERSION`"
| #define HAVE_LIBPCAP 1
| #define HAVE_LIBNET 1
| #define LIBNET_API_VERSION 110
| #define STDC_HEADERS 1
| #define HAVE_SYS_TYPES_H 1
| #define HAVE_SYS_STAT_H 1
| #define HAVE_STDLIB_H 1
| #define HAVE_STRING_H 1
| #define HAVE_MEMORY_H 1
| #define HAVE_STRINGS_H 1
| #define HAVE_INTTYPES_H 1
| #define HAVE_STDINT_H 1
| #define HAVE_UNISTD_H 1
| #define HAVE_ARPA_INET_H 1
| #define HAVE_FCNTL_H 1
| #define HAVE_NETDB_H 1
| #define HAVE_NETINET_IN_H 1
| #define HAVE_STDLIB_H 1
| #define HAVE_STRING_H 1
| #define HAVE_SYS_IOCTL_H 1
| #define HAVE_SYS_SOCKET_H 1
| #define HAVE_UNISTD_H 1
| #define TIME_WITH_SYS_TIME 1
| /* end confdefs.h.  */
| #include <sys/types.h>
| 		#include <sys/socket.h>
| 
| int
| main ()
| {
| static struct sockaddr ac_aggr;
| if (ac_aggr.sa_len)
| return 0;
|   ;
|   return 0;
| }
configure:5012: gcc -c -g -O2 -Wall  conftest.c >&5
conftest.c: In function 'main':
conftest.c:41:19: error: 'struct sockaddr' has no member named 'sa_len'
 if (sizeof ac_aggr.sa_len)
                   ^
conftest.c:40:24: warning: variable 'ac_aggr' set but not used [-Wunused-but-set-variable]
 static struct sockaddr ac_aggr;
                        ^~~~~~~
configure:5012: $? = 1
configure: failed program was:
| /* confdefs.h */
| #define PACKAGE_NAME "tcptraceroute"
| #define PACKAGE_TARNAME "tcptraceroute"
| #define PACKAGE_VERSION "`cat VERSION`"
| #define PACKAGE_STRING "tcptraceroute `cat VERSION`"
| #define PACKAGE_BUGREPORT ""
| #define PACKAGE_URL ""
| #define PACKAGE "tcptraceroute"
| #define VERSION "`cat VERSION`"
| #define HAVE_LIBPCAP 1
| #define HAVE_LIBNET 1
| #define LIBNET_API_VERSION 110
| #define STDC_HEADERS 1
| #define HAVE_SYS_TYPES_H 1
| #define HAVE_SYS_STAT_H 1
| #define HAVE_STDLIB_H 1
| #define HAVE_STRING_H 1
| #define HAVE_MEMORY_H 1
| #define HAVE_STRINGS_H 1
| #define HAVE_INTTYPES_H 1
| #define HAVE_STDINT_H 1
| #define HAVE_UNISTD_H 1
| #define HAVE_ARPA_INET_H 1
| #define HAVE_FCNTL_H 1
| #define HAVE_NETDB_H 1
| #define HAVE_NETINET_IN_H 1
| #define HAVE_STDLIB_H 1
| #define HAVE_STRING_H 1
| #define HAVE_SYS_IOCTL_H 1
| #define HAVE_SYS_SOCKET_H 1
| #define HAVE_UNISTD_H 1
| #define TIME_WITH_SYS_TIME 1
| /* end confdefs.h.  */
| #include <sys/types.h>
| 		#include <sys/socket.h>
| 
| int
| main ()
| {
| static struct sockaddr ac_aggr;
| if (sizeof ac_aggr.sa_len)
| return 0;
|   ;
|   return 0;
| }
configure:5012: result: no
configure:5025: checking for stdlib.h
configure:5025: result: yes
configure:5035: checking for GNU libc compatible malloc
configure:5059: gcc -o conftest -g -O2 -Wall   conftest.c -lnet -lpcap  >&5
configure:5059: $? = 0
configure:5059: ./conftest
configure:5059: $? = 0
configure:5069: result: yes
configure:5096: checking sys/select.h usability
configure:5096: gcc -c -g -O2 -Wall  conftest.c >&5
configure:5096: $? = 0
configure:5096: result: yes
configure:5096: checking sys/select.h presence
configure:5096: gcc -E  conftest.c
configure:5096: $? = 0
configure:5096: result: yes
configure:5096: checking for sys/select.h
configure:5096: result: yes
configure:5096: checking for sys/socket.h
configure:5096: result: yes
configure:5106: checking types of arguments for select
configure:5134: gcc -c -g -O2 -Wall  conftest.c >&5
configure:5134: $? = 0
configure:5145: result: int,fd_set *,struct timeval *
configure:5170: checking for vprintf
configure:5170: gcc -o conftest -g -O2 -Wall   conftest.c -lnet -lpcap  >&5
conftest.c:64:6: warning: conflicting types for built-in function 'vprintf' [-Wbuiltin-declaration-mismatch]
 char vprintf ();
      ^~~~~~~
configure:5170: $? = 0
configure:5170: result: yes
configure:5176: checking for _doprnt
configure:5176: gcc -o conftest -g -O2 -Wall   conftest.c -lnet -lpcap  >&5
/tmp/ccBrl56a.o: In function `main':
/home/mahdi/Desktop/KashaniPourMahdi-tcp_traceroute/tcptraceroute/conftest.c:76: undefined reference to `_doprnt'
collect2: error: ld returned 1 exit status
configure:5176: $? = 1
configure: failed program was:
| /* confdefs.h */
| #define PACKAGE_NAME "tcptraceroute"
| #define PACKAGE_TARNAME "tcptraceroute"
| #define PACKAGE_VERSION "`cat VERSION`"
| #define PACKAGE_STRING "tcptraceroute `cat VERSION`"
| #define PACKAGE_BUGREPORT ""
| #define PACKAGE_URL ""
| #define PACKAGE "tcptraceroute"
| #define VERSION "`cat VERSION`"
| #define HAVE_LIBPCAP 1
| #define HAVE_LIBNET 1
| #define LIBNET_API_VERSION 110
| #define STDC_HEADERS 1
| #define HAVE_SYS_TYPES_H 1
| #define HAVE_SYS_STAT_H 1
| #define HAVE_STDLIB_H 1
| #define HAVE_STRING_H 1
| #define HAVE_MEMORY_H 1
| #define HAVE_STRINGS_H 1
| #define HAVE_INTTYPES_H 1
| #define HAVE_STDINT_H 1
| #define HAVE_UNISTD_H 1
| #define HAVE_ARPA_INET_H 1
| #define HAVE_FCNTL_H 1
| #define HAVE_NETDB_H 1
| #define HAVE_NETINET_IN_H 1
| #define HAVE_STDLIB_H 1
| #define HAVE_STRING_H 1
| #define HAVE_SYS_IOCTL_H 1
| #define HAVE_SYS_SOCKET_H 1
| #define HAVE_UNISTD_H 1
| #define TIME_WITH_SYS_TIME 1
| #define HAVE_STDLIB_H 1
| #define HAVE_MALLOC 1
| #define HAVE_SYS_SELECT_H 1
| #define HAVE_SYS_SOCKET_H 1
| #define SELECT_TYPE_ARG1 int
| #define SELECT_TYPE_ARG234 (fd_set *)
| #define SELECT_TYPE_ARG5 (struct timeval *)
| #define HAVE_VPRINTF 1
| /* end confdefs.h.  */
| /* Define _doprnt to an innocuous variant, in case <limits.h> declares _doprnt.
|    For example, HP-UX 11i <limits.h> declares gettimeofday.  */
| #define _doprnt innocuous__doprnt
| 
| /* System header to define __stub macros and hopefully few prototypes,
|     which can conflict with char _doprnt (); below.
|     Prefer <limits.h> to <assert.h> if __STDC__ is defined, since
|     <limits.h> exists even on freestanding compilers.  */
| 
| #ifdef __STDC__
| # include <limits.h>
| #else
| # include <assert.h>
| #endif
| 
| #undef _doprnt
| 
| /* Override any GCC internal prototype to avoid an error.
|    Use char because int might match the return type of a GCC
|    builtin and then its argument prototype would still apply.  */
| #ifdef __cplusplus
| extern "C"
| #endif
| char _doprnt ();
| /* The GNU C library defines this for functions which it implements
|     to always fail with ENOSYS.  Some functions are actually named
|     something starting with __ and the normal name is an alias.  */
| #if defined __stub__doprnt || defined __stub____doprnt
| choke me
| #endif
| 
| int
| main ()
| {
| return _doprnt ();
|   ;
|   return 0;
| }
configure:5176: result: no
configure:5190: checking for gettimeofday
configure:5190: gcc -o conftest -g -O2 -Wall   conftest.c -lnet -lpcap  >&5
configure:5190: $? = 0
configure:5190: result: yes
configure:5190: checking for memset
configure:5190: gcc -o conftest -g -O2 -Wall   conftest.c -lnet -lpcap  >&5
conftest.c:66:6: warning: conflicting types for built-in function 'memset' [-Wbuiltin-declaration-mismatch]
 char memset ();
      ^~~~~~
configure:5190: $? = 0
configure:5190: result: yes
configure:5190: checking for select
configure:5190: gcc -o conftest -g -O2 -Wall   conftest.c -lnet -lpcap  >&5
configure:5190: $? = 0
configure:5190: result: yes
configure:5190: checking for socket
configure:5190: result: yes
configure:5190: checking for strchr
configure:5190: gcc -o conftest -g -O2 -Wall   conftest.c -lnet -lpcap  >&5
conftest.c:69:6: warning: conflicting types for built-in function 'strchr' [-Wbuiltin-declaration-mismatch]
 char strchr ();
      ^~~~~~
configure:5190: $? = 0
configure:5190: result: yes
configure:5201: checking for Solaris
configure:5227: gcc -o conftest -g -O2 -Wall   conftest.c -lnet -lpcap  >&5
conftest.c: In function 'main':
conftest.c:55:2: warning: implicit declaration of function 'exit' [-Wimplicit-function-declaration]
  exit(-1);
  ^~~~
conftest.c:55:2: warning: incompatible implicit declaration of built-in function 'exit'
conftest.c:55:2: note: include '<stdlib.h>' or provide a declaration of 'exit'
configure:5227: $? = 0
configure:5227: ./conftest
configure:5227: $? = 255
configure: program exited with status 255
configure: failed program was:
| /* confdefs.h */
| #define PACKAGE_NAME "tcptraceroute"
| #define PACKAGE_TARNAME "tcptraceroute"
| #define PACKAGE_VERSION "`cat VERSION`"
| #define PACKAGE_STRING "tcptraceroute `cat VERSION`"
| #define PACKAGE_BUGREPORT ""
| #define PACKAGE_URL ""
| #define PACKAGE "tcptraceroute"
| #define VERSION "`cat VERSION`"
| #define HAVE_LIBPCAP 1
| #define HAVE_LIBNET 1
| #define LIBNET_API_VERSION 110
| #define STDC_HEADERS 1
| #define HAVE_SYS_TYPES_H 1
| #define HAVE_SYS_STAT_H 1
| #define HAVE_STDLIB_H 1
| #define HAVE_STRING_H 1
| #define HAVE_MEMORY_H 1
| #define HAVE_STRINGS_H 1
| #define HAVE_INTTYPES_H 1
| #define HAVE_STDINT_H 1
| #define HAVE_UNISTD_H 1
| #define HAVE_ARPA_INET_H 1
| #define HAVE_FCNTL_H 1
| #define HAVE_NETDB_H 1
| #define HAVE_NETINET_IN_H 1
| #define HAVE_STDLIB_H 1
| #define HAVE_STRING_H 1
| #define HAVE_SYS_IOCTL_H 1
| #define HAVE_SYS_SOCKET_H 1
| #define HAVE_UNISTD_H 1
| #define TIME_WITH_SYS_TIME 1
| #define HAVE_STDLIB_H 1
| #define HAVE_MALLOC 1
| #define HAVE_SYS_SELECT_H 1
| #define HAVE_SYS_SOCKET_H 1
| #define SELECT_TYPE_ARG1 int
| #define SELECT_TYPE_ARG234 (fd_set *)
| #define SELECT_TYPE_ARG5 (struct timeval *)
| #define HAVE_VPRINTF 1
| #define HAVE_GETTIMEOFDAY 1
| #define HAVE_MEMSET 1
| #define HAVE_SELECT 1
| #define HAVE_SOCKET 1
| #define HAVE_STRCHR 1
| /* end confdefs.h.  */
| 
| int
| main ()
| {
| 
| #if defined (__SVR4) && defined (__sun)
| 	exit(0);
| #else
| 	exit(-1);
| #endif
| 
|   ;
|   return 0;
| }
| 
configure:5238: result: no
configure:5248: checking for BSDI
configure:5274: gcc -o conftest -g -O2 -Wall   conftest.c -lnet -lpcap  >&5
conftest.c: In function 'main':
conftest.c:55:2: warning: implicit declaration of function 'exit' [-Wimplicit-function-declaration]
  exit(-1);
  ^~~~
conftest.c:55:2: warning: incompatible implicit declaration of built-in function 'exit'
conftest.c:55:2: note: include '<stdlib.h>' or provide a declaration of 'exit'
configure:5274: $? = 0
configure:5274: ./conftest
configure:5274: $? = 255
configure: program exited with status 255
configure: failed program was:
| /* confdefs.h */
| #define PACKAGE_NAME "tcptraceroute"
| #define PACKAGE_TARNAME "tcptraceroute"
| #define PACKAGE_VERSION "`cat VERSION`"
| #define PACKAGE_STRING "tcptraceroute `cat VERSION`"
| #define PACKAGE_BUGREPORT ""
| #define PACKAGE_URL ""
| #define PACKAGE "tcptraceroute"
| #define VERSION "`cat VERSION`"
| #define HAVE_LIBPCAP 1
| #define HAVE_LIBNET 1
| #define LIBNET_API_VERSION 110
| #define STDC_HEADERS 1
| #define HAVE_SYS_TYPES_H 1
| #define HAVE_SYS_STAT_H 1
| #define HAVE_STDLIB_H 1
| #define HAVE_STRING_H 1
| #define HAVE_MEMORY_H 1
| #define HAVE_STRINGS_H 1
| #define HAVE_INTTYPES_H 1
| #define HAVE_STDINT_H 1
| #define HAVE_UNISTD_H 1
| #define HAVE_ARPA_INET_H 1
| #define HAVE_FCNTL_H 1
| #define HAVE_NETDB_H 1
| #define HAVE_NETINET_IN_H 1
| #define HAVE_STDLIB_H 1
| #define HAVE_STRING_H 1
| #define HAVE_SYS_IOCTL_H 1
| #define HAVE_SYS_SOCKET_H 1
| #define HAVE_UNISTD_H 1
| #define TIME_WITH_SYS_TIME 1
| #define HAVE_STDLIB_H 1
| #define HAVE_MALLOC 1
| #define HAVE_SYS_SELECT_H 1
| #define HAVE_SYS_SOCKET_H 1
| #define SELECT_TYPE_ARG1 int
| #define SELECT_TYPE_ARG234 (fd_set *)
| #define SELECT_TYPE_ARG5 (struct timeval *)
| #define HAVE_VPRINTF 1
| #define HAVE_GETTIMEOFDAY 1
| #define HAVE_MEMSET 1
| #define HAVE_SELECT 1
| #define HAVE_SOCKET 1
| #define HAVE_STRCHR 1
| /* end confdefs.h.  */
| 
| int
| main ()
| {
| 
| #if defined (__bsdi__)
| 	exit(0);
| #else
| 	exit(-1);
| #endif
| 
|   ;
|   return 0;
| }
| 
configure:5285: result: no
configure:5295: checking for NetBSD
configure:5321: gcc -o conftest -g -O2 -Wall   conftest.c -lnet -lpcap  >&5
conftest.c: In function 'main':
conftest.c:55:2: warning: implicit declaration of function 'exit' [-Wimplicit-function-declaration]
  exit(-1);
  ^~~~
conftest.c:55:2: warning: incompatible implicit declaration of built-in function 'exit'
conftest.c:55:2: note: include '<stdlib.h>' or provide a declaration of 'exit'
configure:5321: $? = 0
configure:5321: ./conftest
configure:5321: $? = 255
configure: program exited with status 255
configure: failed program was:
| /* confdefs.h */
| #define PACKAGE_NAME "tcptraceroute"
| #define PACKAGE_TARNAME "tcptraceroute"
| #define PACKAGE_VERSION "`cat VERSION`"
| #define PACKAGE_STRING "tcptraceroute `cat VERSION`"
| #define PACKAGE_BUGREPORT ""
| #define PACKAGE_URL ""
| #define PACKAGE "tcptraceroute"
| #define VERSION "`cat VERSION`"
| #define HAVE_LIBPCAP 1
| #define HAVE_LIBNET 1
| #define LIBNET_API_VERSION 110
| #define STDC_HEADERS 1
| #define HAVE_SYS_TYPES_H 1
| #define HAVE_SYS_STAT_H 1
| #define HAVE_STDLIB_H 1
| #define HAVE_STRING_H 1
| #define HAVE_MEMORY_H 1
| #define HAVE_STRINGS_H 1
| #define HAVE_INTTYPES_H 1
| #define HAVE_STDINT_H 1
| #define HAVE_UNISTD_H 1
| #define HAVE_ARPA_INET_H 1
| #define HAVE_FCNTL_H 1
| #define HAVE_NETDB_H 1
| #define HAVE_NETINET_IN_H 1
| #define HAVE_STDLIB_H 1
| #define HAVE_STRING_H 1
| #define HAVE_SYS_IOCTL_H 1
| #define HAVE_SYS_SOCKET_H 1
| #define HAVE_UNISTD_H 1
| #define TIME_WITH_SYS_TIME 1
| #define HAVE_STDLIB_H 1
| #define HAVE_MALLOC 1
| #define HAVE_SYS_SELECT_H 1
| #define HAVE_SYS_SOCKET_H 1
| #define SELECT_TYPE_ARG1 int
| #define SELECT_TYPE_ARG234 (fd_set *)
| #define SELECT_TYPE_ARG5 (struct timeval *)
| #define HAVE_VPRINTF 1
| #define HAVE_GETTIMEOFDAY 1
| #define HAVE_MEMSET 1
| #define HAVE_SELECT 1
| #define HAVE_SOCKET 1
| #define HAVE_STRCHR 1
| /* end confdefs.h.  */
| 
| int
| main ()
| {
| 
| #if defined (__NetBSD__)
| 	exit(0);
| #else
| 	exit(-1);
| #endif
| 
|   ;
|   return 0;
| }
| 
configure:5332: result: no
configure:5342: checking for MacOS X
configure:5368: gcc -o conftest -g -O2 -Wall   conftest.c -lnet -lpcap  >&5
conftest.c: In function 'main':
conftest.c:55:2: warning: implicit declaration of function 'exit' [-Wimplicit-function-declaration]
  exit(-1);
  ^~~~
conftest.c:55:2: warning: incompatible implicit declaration of built-in function 'exit'
conftest.c:55:2: note: include '<stdlib.h>' or provide a declaration of 'exit'
configure:5368: $? = 0
configure:5368: ./conftest
configure:5368: $? = 255
configure: program exited with status 255
configure: failed program was:
| /* confdefs.h */
| #define PACKAGE_NAME "tcptraceroute"
| #define PACKAGE_TARNAME "tcptraceroute"
| #define PACKAGE_VERSION "`cat VERSION`"
| #define PACKAGE_STRING "tcptraceroute `cat VERSION`"
| #define PACKAGE_BUGREPORT ""
| #define PACKAGE_URL ""
| #define PACKAGE "tcptraceroute"
| #define VERSION "`cat VERSION`"
| #define HAVE_LIBPCAP 1
| #define HAVE_LIBNET 1
| #define LIBNET_API_VERSION 110
| #define STDC_HEADERS 1
| #define HAVE_SYS_TYPES_H 1
| #define HAVE_SYS_STAT_H 1
| #define HAVE_STDLIB_H 1
| #define HAVE_STRING_H 1
| #define HAVE_MEMORY_H 1
| #define HAVE_STRINGS_H 1
| #define HAVE_INTTYPES_H 1
| #define HAVE_STDINT_H 1
| #define HAVE_UNISTD_H 1
| #define HAVE_ARPA_INET_H 1
| #define HAVE_FCNTL_H 1
| #define HAVE_NETDB_H 1
| #define HAVE_NETINET_IN_H 1
| #define HAVE_STDLIB_H 1
| #define HAVE_STRING_H 1
| #define HAVE_SYS_IOCTL_H 1
| #define HAVE_SYS_SOCKET_H 1
| #define HAVE_UNISTD_H 1
| #define TIME_WITH_SYS_TIME 1
| #define HAVE_STDLIB_H 1
| #define HAVE_MALLOC 1
| #define HAVE_SYS_SELECT_H 1
| #define HAVE_SYS_SOCKET_H 1
| #define SELECT_TYPE_ARG1 int
| #define SELECT_TYPE_ARG234 (fd_set *)
| #define SELECT_TYPE_ARG5 (struct timeval *)
| #define HAVE_VPRINTF 1
| #define HAVE_GETTIMEOFDAY 1
| #define HAVE_MEMSET 1
| #define HAVE_SELECT 1
| #define HAVE_SOCKET 1
| #define HAVE_STRCHR 1
| /* end confdefs.h.  */
| 
| int
| main ()
| {
| 
| #if defined (__APPLE__) && defined (__MACH__)
| 	exit(0);
| #else
| 	exit(-1);
| #endif
| 
|   ;
|   return 0;
| }
| 
configure:5379: result: no
configure:5598: checking that generated files are newer than configure
configure:5604: result: done
configure:5627: creating ./config.status

## ---------------------- ##
## Running config.status. ##
## ---------------------- ##

This file was extended by tcptraceroute config.status MK_V1, which was
generated by GNU Autoconf 2.69.  Invocation command line was

  CONFIG_FILES    = 
  CONFIG_HEADERS  = 
  CONFIG_LINKS    = 
  CONFIG_COMMANDS = 
  $ ./config.status 

on mahdi-ThinkPad-T520

config.status:893: creating Makefile
config.status:893: creating config.h
config.status:1074: config.h is unchanged
config.status:1122: executing depfiles commands

## ---------------- ##
## Cache variables. ##
## ---------------- ##

ac_cv_build=x86_64-pc-linux-gnu
ac_cv_c_compiler_gnu=yes
ac_cv_env_CC_set=
ac_cv_env_CC_value=
ac_cv_env_CFLAGS_set=
ac_cv_env_CFLAGS_value=
ac_cv_env_CPPFLAGS_set=
ac_cv_env_CPPFLAGS_value=
ac_cv_env_CPP_set=
ac_cv_env_CPP_value=
ac_cv_env_LDFLAGS_set=
ac_cv_env_LDFLAGS_value=
ac_cv_env_LIBS_set=
ac_cv_env_LIBS_value=
ac_cv_env_build_alias_set=
ac_cv_env_build_alias_value=
ac_cv_env_host_alias_set=
ac_cv_env_host_alias_value=
ac_cv_env_target_alias_set=
ac_cv_env_target_alias_value=
ac_cv_func__doprnt=no
ac_cv_func_connect=yes
ac_cv_func_gethostbyname=yes
ac_cv_func_gettimeofday=yes
ac_cv_func_inet_aton=yes
ac_cv_func_malloc_0_nonnull=yes
ac_cv_func_memset=yes
ac_cv_func_select=yes
ac_cv_func_select_args='int,fd_set *,struct timeval *'
ac_cv_func_socket=yes
ac_cv_func_strchr=yes
ac_cv_func_vprintf=yes
ac_cv_header_arpa_inet_h=yes
ac_cv_header_fcntl_h=yes
ac_cv_header_inttypes_h=yes
ac_cv_header_memory_h=yes
ac_cv_header_netdb_h=yes
ac_cv_header_netinet_in_h=yes
ac_cv_header_stdc=yes
ac_cv_header_stdint_h=yes
ac_cv_header_stdlib_h=yes
ac_cv_header_string_h=yes
ac_cv_header_strings_h=yes
ac_cv_header_sys_ioctl_h=yes
ac_cv_header_sys_select_h=yes
ac_cv_header_sys_socket_h=yes
ac_cv_header_sys_stat_h=yes
ac_cv_header_sys_types_h=yes
ac_cv_header_time=yes
ac_cv_header_unistd_h=yes
ac_cv_host=x86_64-pc-linux-gnu
ac_cv_lib_net_libnet_init=yes
ac_cv_lib_net_libnet_init_packet=no
ac_cv_lib_net_main=yes
ac_cv_lib_pcap_pcap_open_live=yes
ac_cv_member_struct_sockaddr_sa_len=no
ac_cv_objext=o
ac_cv_path_EGREP='/bin/grep -E'
ac_cv_path_GREP=/bin/grep
ac_cv_path_install='/usr/bin/install -c'
ac_cv_path_mkdir=/bin/mkdir
ac_cv_prog_AWK=mawk
ac_cv_prog_CPP='gcc -E'
ac_cv_prog_ac_ct_CC=gcc
ac_cv_prog_cc_c89=
ac_cv_prog_cc_g=yes
ac_cv_prog_gcc_traditional=no
ac_cv_prog_make_make_set=yes
ac_cv_target=x86_64-pc-linux-gnu
am_cv_CC_dependencies_compiler_type=gcc3
am_cv_make_support_nested_variables=yes
am_cv_prog_cc_c_o=yes

## ----------------- ##
## Output variables. ##
## ----------------- ##

ACLOCAL='${SHELL} /home/mahdi/Desktop/KashaniPourMahdi-tcp_traceroute/tcptraceroute/missing aclocal-1.15'
AMDEPBACKSLASH='\'
AMDEP_FALSE='#'
AMDEP_TRUE=''
AMTAR='$${TAR-tar}'
AM_BACKSLASH='\'
AM_DEFAULT_V='$(AM_DEFAULT_VERBOSITY)'
AM_DEFAULT_VERBOSITY='1'
AM_V='$(V)'
AUTOCONF='${SHELL} /home/mahdi/Desktop/KashaniPourMahdi-tcp_traceroute/tcptraceroute/missing autoconf'
AUTOHEADER='${SHELL} /home/mahdi/Desktop/KashaniPourMahdi-tcp_traceroute/tcptraceroute/missing autoheader'
AUTOMAKE='${SHELL} /home/mahdi/Desktop/KashaniPourMahdi-tcp_traceroute/tcptraceroute/missing automake-1.15'
AWK='mawk'
CC='gcc'
CCDEPMODE='depmode=gcc3'
CFLAGS='-g -O2 -Wall'
CPP='gcc -E'
CPPFLAGS=''
CYGPATH_W='echo'
DEFS='-DHAVE_CONFIG_H'
DEPDIR='.deps'
ECHO_C=''
ECHO_N='-n'
ECHO_T=''
EGREP='/bin/grep -E'
EXEEXT=''
GREP='/bin/grep'
INSTALL_DATA='${INSTALL} -m 644'
INSTALL_PROGRAM='${INSTALL}'
INSTALL_SCRIPT='${INSTALL}'
INSTALL_STRIP_PROGRAM='$(install_sh) -c -s'
LDFLAGS=''
LIBOBJS=''
LIBS='-lnet -lpcap '
LTLIBOBJS=''
MAKEINFO='${SHELL} /home/mahdi/Desktop/KashaniPourMahdi-tcp_traceroute/tcptraceroute/missing makeinfo'
MKDIR_P='/bin/mkdir -p'
OBJEXT='o'
PACKAGE='tcptraceroute'
PACKAGE_BUGREPORT=''
PACKAGE_NAME='tcptraceroute'
PACKAGE_STRING='tcptraceroute `cat VERSION`'
PACKAGE_TARNAME='tcptraceroute'
PACKAGE_URL=''
PACKAGE_VERSION='`cat VERSION`'
PATH_SEPARATOR=':'
SET_MAKE=''
SHELL='/bin/bash'
STRIP=''
VERSION='`cat VERSION`'
ac_ct_CC='gcc'
am__EXEEXT_FALSE=''
am__EXEEXT_TRUE='#'
am__fastdepCC_FALSE='#'
am__fastdepCC_TRUE=''
am__include='include'
am__isrc=''
am__leading_dot='.'
am__nodep='_no'
am__quote=''
am__tar='$${TAR-tar} chof - "$$tardir"'
am__untar='$${TAR-tar} xf -'
bindir='${exec_prefix}/bin'
build='x86_64-pc-linux-gnu'
build_alias=''
build_cpu='x86_64'
build_os='linux-gnu'
build_vendor='pc'
datadir='${datarootdir}'
datarootdir='${prefix}/share'
docdir='${datarootdir}/doc/${PACKAGE_TARNAME}'
dvidir='${docdir}'
exec_prefix='${prefix}'
host='x86_64-pc-linux-gnu'
host_alias=''
host_cpu='x86_64'
host_os='linux-gnu'
host_vendor='pc'
htmldir='${docdir}'
includedir='${prefix}/include'
infodir='${datarootdir}/info'
install_sh='${SHELL} /home/mahdi/Desktop/KashaniPourMahdi-tcp_traceroute/tcptraceroute/install-sh'
libdir='${exec_prefix}/lib'
libexecdir='${exec_prefix}/libexec'
localedir='${datarootdir}/locale'
localstatedir='${prefix}/var'
mandir='${datarootdir}/man'
mkdir_p='$(MKDIR_P)'
oldincludedir='/usr/include'
pdfdir='${docdir}'
prefix='/usr/local'
program_transform_name='s,x,x,'
psdir='${docdir}'
runstatedir='${localstatedir}/run'
sbindir='${exec_prefix}/sbin'
sharedstatedir='${prefix}/com'
sysconfdir='${prefix}/etc'
target='x86_64-pc-linux-gnu'
target_alias=''
target_cpu='x86_64'
target_os='linux-gnu'
target_vendor='pc'

## ----------- ##
## confdefs.h. ##
## ----------- ##

/* confdefs.h */
#define PACKAGE_NAME "tcptraceroute"
#define PACKAGE_TARNAME "tcptraceroute"
#define PACKAGE_VERSION "`cat VERSION`"
#define PACKAGE_STRING "tcptraceroute `cat VERSION`"
#define PACKAGE_BUGREPORT ""
#define PACKAGE_URL ""
#define PACKAGE "tcptraceroute"
#define VERSION "`cat VERSION`"
#define HAVE_LIBPCAP 1
#define HAVE_LIBNET 1
#define LIBNET_API_VERSION 110
#define STDC_HEADERS 1
#define HAVE_SYS_TYPES_H 1
#define HAVE_SYS_STAT_H 1
#define HAVE_STDLIB_H 1
#define HAVE_STRING_H 1
#define HAVE_MEMORY_H 1
#define HAVE_STRINGS_H 1
#define HAVE_INTTYPES_H 1
#define HAVE_STDINT_H 1
#define HAVE_UNISTD_H 1
#define HAVE_ARPA_INET_H 1
#define HAVE_FCNTL_H 1
#define HAVE_NETDB_H 1
#define HAVE_NETINET_IN_H 1
#define HAVE_STDLIB_H 1
#define HAVE_STRING_H 1
#define HAVE_SYS_IOCTL_H 1
#define HAVE_SYS_SOCKET_H 1
#define HAVE_UNISTD_H 1
#define TIME_WITH_SYS_TIME 1
#define HAVE_STDLIB_H 1
#define HAVE_MALLOC 1
#define HAVE_SYS_SELECT_H 1
#define HAVE_SYS_SOCKET_H 1
#define SELECT_TYPE_ARG1 int
#define SELECT_TYPE_ARG234 (fd_set *)
#define SELECT_TYPE_ARG5 (struct timeval *)
#define HAVE_VPRINTF 1
#define HAVE_GETTIMEOFDAY 1
#define HAVE_MEMSET 1
#define HAVE_SELECT 1
#define HAVE_SOCKET 1
#define HAVE_STRCHR 1
#define DEFAULT_PORT 80
#define TARGET "x86_64-pc-linux-gnu"

configure: exit 0
